This is pdfTeX, Version 3.1415926-1.40.11 (TeX Live 2010) (format=pdflatex 2011.1.20)  8 JAN 2014 01:25
entering extended mode
 restricted \write18 enabled.
 %&-line parsing enabled.
**report.tex
(./report.tex
LaTeX2e <2009/09/24>
Babel <v3.8l> and hyphenation patterns for english, dumylang, nohyphenation, ge
rman-x-2009-06-19, ngerman-x-2009-06-19, afrikaans, ancientgreek, ibycus, arabi
c, armenian, basque, bulgarian, catalan, pinyin, coptic, croatian, czech, danis
h, dutch, ukenglish, usenglishmax, esperanto, estonian, ethiopic, farsi, finnis
h, french, galician, german, ngerman, swissgerman, monogreek, greek, hungarian,
 icelandic, assamese, bengali, gujarati, hindi, kannada, malayalam, marathi, or
iya, panjabi, tamil, telugu, indonesian, interlingua, irish, italian, kurmanji,
 lao, latin, latvian, lithuanian, mongolian, mongolianlmc, bokmal, nynorsk, pol
ish, portuguese, romanian, russian, sanskrit, serbian, slovak, slovenian, spani
sh, swedish, turkish, turkmen, ukrainian, uppersorbian, welsh, loaded.
(/opt/york/cs/net/texlive-2010-x86_64-1/texmf-dist/tex/latex/base/report.cls
Document Class: report 2007/10/19 v1.4h Standard LaTeX document class
(/opt/york/cs/net/texlive-2010-x86_64-1/texmf-dist/tex/latex/base/size10.clo
File: size10.clo 2007/10/19 v1.4h Standard LaTeX file (size option)
)
\c@part=\count79
\c@chapter=\count80
\c@section=\count81
\c@subsection=\count82
\c@subsubsection=\count83
\c@paragraph=\count84
\c@subparagraph=\count85
\c@figure=\count86
\c@table=\count87
\abovecaptionskip=\skip41
\belowcaptionskip=\skip42
\bibindent=\dimen102
)
(/opt/york/cs/net/texlive-2010-x86_64-1/texmf-dist/tex/latex/preprint/fullpage.
sty
Package: fullpage 1999/02/23 1.1 (PWD)
\FP@margin=\skip43
)
(/opt/york/cs/net/texlive-2010-x86_64-1/texmf-dist/tex/latex/graphics/graphicx.
sty
Package: graphicx 1999/02/16 v1.0f Enhanced LaTeX Graphics (DPC,SPQR)

(/opt/york/cs/net/texlive-2010-x86_64-1/texmf-dist/tex/latex/graphics/keyval.st
y
Package: keyval 1999/03/16 v1.13 key=value parser (DPC)
\KV@toks@=\toks14
)
(/opt/york/cs/net/texlive-2010-x86_64-1/texmf-dist/tex/latex/graphics/graphics.
sty
Package: graphics 2009/02/05 v1.0o Standard LaTeX Graphics (DPC,SPQR)

(/opt/york/cs/net/texlive-2010-x86_64-1/texmf-dist/tex/latex/graphics/trig.sty
Package: trig 1999/03/16 v1.09 sin cos tan (DPC)
)
(/opt/york/cs/net/texlive-2010-x86_64-1/texmf-dist/tex/latex/latexconfig/graphi
cs.cfg
File: graphics.cfg 2010/04/23 v1.9 graphics configuration of TeX Live
)
Package graphics Info: Driver file: pdftex.def on input line 91.

(/opt/york/cs/net/texlive-2010-x86_64-1/texmf-dist/tex/latex/pdftex-def/pdftex.
def
File: pdftex.def 2010/11/26 v0.05c Graphics/color for pdfTeX
\Gread@gobject=\count88
))
\Gin@req@height=\dimen103
\Gin@req@width=\dimen104
)
(/opt/york/cs/net/texlive-2010-x86_64-1/texmf-dist/tex/latex/graphics/lscape.st
y
Package: lscape 2000/10/22 v3.01 Landscape Pages (DPC)
)
(/opt/york/cs/net/texlive-2010-x86_64-1/texmf-dist/tex/latex/tools/longtable.st
y
Package: longtable 2004/02/01 v4.11 Multi-page Table package (DPC)
\LTleft=\skip44
\LTright=\skip45
\LTpre=\skip46
\LTpost=\skip47
\LTchunksize=\count89
\LTcapwidth=\dimen105
\LT@head=\box26
\LT@firsthead=\box27
\LT@foot=\box28
\LT@lastfoot=\box29
\LT@cols=\count90
\LT@rows=\count91
\c@LT@tables=\count92
\c@LT@chunks=\count93
\LT@p@ftn=\toks15
) (/opt/york/cs/net/texlive-2010-x86_64-1/texmf-dist/tex/latex/cite/cite.sty
LaTeX Info: Redefining \cite on input line 302.
LaTeX Info: Redefining \nocite on input line 373.
Package: cite 2010/09/10  v 5.3
)
(/opt/york/cs/net/texlive-2010-x86_64-1/texmf-dist/tex/latex/tools/multicol.sty
Package: multicol 2008/12/05 v1.6h multicolumn formatting (FMi)
\c@tracingmulticols=\count94
\mult@box=\box30
\multicol@leftmargin=\dimen106
\c@unbalance=\count95
\c@collectmore=\count96
\doublecol@number=\count97
\multicoltolerance=\count98
\multicolpretolerance=\count99
\full@width=\dimen107
\page@free=\dimen108
\premulticols=\dimen109
\postmulticols=\dimen110
\multicolsep=\skip48
\multicolbaselineskip=\skip49
\partial@page=\box31
\last@line=\box32
\mult@rightbox=\box33
\mult@grightbox=\box34
\mult@gfirstbox=\box35
\mult@firstbox=\box36
\@tempa=\box37
\@tempa=\box38
\@tempa=\box39
\@tempa=\box40
\@tempa=\box41
\@tempa=\box42
\@tempa=\box43
\@tempa=\box44
\@tempa=\box45
\@tempa=\box46
\@tempa=\box47
\@tempa=\box48
\@tempa=\box49
\@tempa=\box50
\@tempa=\box51
\@tempa=\box52
\@tempa=\box53
\c@columnbadness=\count100
\c@finalcolumnbadness=\count101
\last@try=\dimen111
\multicolovershoot=\dimen112
\multicolundershoot=\dimen113
\mult@nat@firstbox=\box54
\colbreak@box=\box55
) (./report.aux)
\openout1 = `report.aux'.

LaTeX Font Info:    Checking defaults for OML/cmm/m/it on input line 16.
LaTeX Font Info:    ... okay on input line 16.
LaTeX Font Info:    Checking defaults for T1/cmr/m/n on input line 16.
LaTeX Font Info:    ... okay on input line 16.
LaTeX Font Info:    Checking defaults for OT1/cmr/m/n on input line 16.
LaTeX Font Info:    ... okay on input line 16.
LaTeX Font Info:    Checking defaults for OMS/cmsy/m/n on input line 16.
LaTeX Font Info:    ... okay on input line 16.
LaTeX Font Info:    Checking defaults for OMX/cmex/m/n on input line 16.
LaTeX Font Info:    ... okay on input line 16.
LaTeX Font Info:    Checking defaults for U/cmr/m/n on input line 16.
LaTeX Font Info:    ... okay on input line 16.

(/opt/york/cs/net/texlive-2010-x86_64-1/texmf-dist/tex/context/base/supp-pdf.mk
ii
[Loading MPS to PDF converter (version 2006.09.02).]
\scratchcounter=\count102
\scratchdimen=\dimen114
\scratchbox=\box56
\nofMPsegments=\count103
\nofMParguments=\count104
\everyMPshowfont=\toks16
\MPscratchCnt=\count105
\MPscratchDim=\dimen115
\MPnumerator=\count106
\everyMPtoPDFconversion=\toks17
)
(/opt/york/cs/net/texlive-2010-x86_64-1/texmf-dist/tex/generic/oberdiek/pdftexc
mds.sty
Package: pdftexcmds 2010/04/01 v0.9 Utility functions of pdfTeX for LuaTeX (HO)


(/opt/york/cs/net/texlive-2010-x86_64-1/texmf-dist/tex/generic/oberdiek/infware
rr.sty
Package: infwarerr 2010/04/08 v1.3 Providing info/warning/message (HO)
)
(/opt/york/cs/net/texlive-2010-x86_64-1/texmf-dist/tex/generic/oberdiek/ifluate
x.sty
Package: ifluatex 2010/03/01 v1.3 Provides the ifluatex switch (HO)
Package ifluatex Info: LuaTeX not detected.
)
(/opt/york/cs/net/texlive-2010-x86_64-1/texmf-dist/tex/generic/oberdiek/ltxcmds
.sty
Package: ltxcmds 2010/04/26 v1.7 LaTeX kernel commands for general use (HO)
)
Package pdftexcmds Info: LuaTeX not detected.
Package pdftexcmds Info: \pdf@primitive is available.
Package pdftexcmds Info: \pdf@ifprimitive is available.
)
(/opt/york/cs/net/texlive-2010-x86_64-1/texmf-dist/tex/latex/oberdiek/epstopdf-
base.sty
Package: epstopdf-base 2010/02/09 v2.5 Base part for package epstopdf

(/opt/york/cs/net/texlive-2010-x86_64-1/texmf-dist/tex/latex/oberdiek/grfext.st
y
Package: grfext 2007/09/30 v1.0 Managing graphics extensions (HO)
)
(/opt/york/cs/net/texlive-2010-x86_64-1/texmf-dist/tex/latex/oberdiek/kvoptions
.sty
Package: kvoptions 2010/02/22 v3.7 Keyval support for LaTeX options (HO)

(/opt/york/cs/net/texlive-2010-x86_64-1/texmf-dist/tex/generic/oberdiek/kvsetke
ys.sty
Package: kvsetkeys 2010/03/01 v1.9 Key value parser (HO)

(/opt/york/cs/net/texlive-2010-x86_64-1/texmf-dist/tex/generic/oberdiek/etexcmd
s.sty
Package: etexcmds 2010/01/28 v1.3 Prefix for e-TeX command names (HO)
Package etexcmds Info: Could not find \expanded.
(etexcmds)             That can mean that you are not using pdfTeX 1.50 or
(etexcmds)             that some package has redefined \expanded.
(etexcmds)             In the latter case, load this package earlier.
)))
Package grfext Info: Graphics extension search list:
(grfext)             [.png,.pdf,.jpg,.mps,.jpeg,.jbig2,.jb2,.PNG,.PDF,.JPG,.JPE
G,.JBIG2,.JB2,.eps]
(grfext)             \AppendGraphicsExtensions on input line 436.

(/opt/york/cs/net/texlive-2010-x86_64-1/texmf-dist/tex/latex/latexconfig/epstop
df-sys.cfg
File: epstopdf-sys.cfg 2010/07/13 v1.3 Configuration of (r)epstopdf for TeX Liv
e
))
LaTeX Font Info:    External font `cmex10' loaded for size
(Font)              <12> on input line 17.
LaTeX Font Info:    External font `cmex10' loaded for size
(Font)              <8> on input line 17.
LaTeX Font Info:    External font `cmex10' loaded for size
(Font)              <6> on input line 17.
 [1

{/usr/local/var/texlive-2010-x86_64-1/fonts/map/pdftex/updmap/pdftex.map}]
Chapter 1.
LaTeX Font Info:    External font `cmex10' loaded for size
(Font)              <7> on input line 22.
LaTeX Font Info:    External font `cmex10' loaded for size
(Font)              <5> on input line 22.

Underfull \hbox (badness 10000) in paragraph at lines 22--23

 []


Underfull \hbox (badness 10000) in paragraph at lines 24--25

 []

<figures/crossover.png, id=8, 616.55344pt x 152.82094pt>
File: figures/crossover.png Graphic file (type png)

<use figures/crossover.png>

LaTeX Warning: `!h' float specifier changed to `!ht'.


Underfull \hbox (badness 10000) in paragraph at lines 47--48

 []

[1

] <figures/combinedthreemoves.png, id=16, 517.18219pt x 121.20282pt>
File: figures/combinedthreemoves.png Graphic file (type png)

<use figures/combinedthreemoves.png>
Underfull \hbox (badness 10000) in paragraph at lines 56--57

 []


LaTeX Warning: Citation `MorpionRecord' on page 2 undefined on input line 64.

[2 <./figures/crossover.png> <./figures/combinedthreemoves.png (PNG copy)>]
Chapter 2.

Underfull \hbox (badness 10000) in paragraph at lines 75--76

 []


Underfull \hbox (badness 10000) in paragraph at lines 77--78

 []


Underfull \hbox (badness 10000) in paragraph at lines 79--80

 []


Underfull \hbox (badness 10000) in paragraph at lines 81--82

 []

[3

]
Underfull \hbox (badness 10000) in paragraph at lines 83--84

 []

<figures/alternativeRepresentation.png, id=27, 149.05687pt x 48.93282pt>
File: figures/alternativeRepresentation.png Graphic file (type png)

<use figures/alternativeRepresentation.png>
Underfull \hbox (badness 10000) in paragraph at lines 94--95

 []


Underfull \hbox (badness 10000) in paragraph at lines 110--111

 []


Underfull \hbox (badness 10000) in paragraph at lines 112--113

 []

[4 <./figures/alternativeRepresentation.png>]
Underfull \hbox (badness 10000) in paragraph at lines 128--129

 []


Underfull \hbox (badness 10000) in paragraph at lines 130--131

 []


Underfull \hbox (badness 10000) in paragraph at lines 134--135

 []

[5]
Underfull \hbox (badness 10000) in paragraph at lines 141--142

 []


Underfull \hbox (badness 10000) in paragraph at lines 143--144

 []

<figures/highestRanking.png, id=35, 353.82187pt x 341.77687pt>
File: figures/highestRanking.png Graphic file (type png)

<use figures/highestRanking.png>
Underfull \hbox (badness 10000) in paragraph at lines 156--157

 []


Underfull \hbox (badness 10000) in paragraph at lines 158--159

 []

<figures/rouletteWheel.png, id=36, 796.47563pt x 341.77687pt>
File: figures/rouletteWheel.png Graphic file (type png)

<use figures/rouletteWheel.png> [6 <./figures/highestRanking.png (PNG copy)>]
Underfull \hbox (badness 10000) in paragraph at lines 181--182

 []


Underfull \hbox (badness 10000) in paragraph at lines 183--184

 []


Underfull \hbox (badness 10000) in paragraph at lines 185--186

 []

[7 <./figures/rouletteWheel.png>]
Underfull \hbox (badness 10000) in paragraph at lines 187--188

 []


Underfull \hbox (badness 10000) in paragraph at lines 193--194

 []


Underfull \hbox (badness 10000) in paragraph at lines 195--196

 []


Underfull \hbox (badness 10000) in paragraph at lines 197--198

 []


Underfull \hbox (badness 10000) in paragraph at lines 199--200

 []


Underfull \hbox (badness 10000) in paragraph at lines 201--202

 []

[8]
Chapter 3.

Underfull \hbox (badness 10000) in paragraph at lines 209--210

 []


Underfull \hbox (badness 10000) in paragraph at lines 215--216

 []


Underfull \hbox (badness 10000) in paragraph at lines 217--218

 []

[9

]
Underfull \hbox (badness 10000) in paragraph at lines 229--230

 []


Underfull \hbox (badness 10000) in paragraph at lines 231--232

 []


Underfull \hbox (badness 10000) in paragraph at lines 236--237

 []


LaTeX Warning: Reference `BPmutationOperator' on page 10 undefined on input lin
e 238.


Underfull \hbox (badness 10000) in paragraph at lines 238--239

 []


LaTeX Warning: Reference `BPnewDuringMutation' on page 10 undefined on input li
ne 240.


Underfull \hbox (badness 10000) in paragraph at lines 240--241

 []


LaTeX Warning: Reference `BPmutationChance' on page 10 undefined on input line 
242.

[10]
Underfull \hbox (badness 10000) in paragraph at lines 245--246

 []


LaTeX Warning: Citation `somePaper' on page 11 undefined on input line 247.


Underfull \hbox (badness 10000) in paragraph at lines 247--248

 []


LaTeX Warning: Citation `morpionRecord' on page 11 undefined on input line 252.



Underfull \hbox (badness 10000) in paragraph at lines 252--253

 []

[11]
Chapter 4.

LaTeX Warning: Citation `something' on page 12 undefined on input line 262.

[12

] [13]
Chapter 5.
[14

]
Overfull \hbox (256.07997pt too wide) in paragraph at lines 276--291
[][] 
 []

[15

]

LaTeX Warning: Citation `brambillaBook' on page 16 undefined on input line 293.



Underfull \vbox (badness 10000) detected at line 297
 []

(./report.bbl [16

])
<figures/boxplots/selectionOperator.png, id=74, 723.45282pt x 217.5628pt>
File: figures/boxplots/selectionOperator.png Graphic file (type png)

<use figures/boxplots/selectionOperator.png>
<figures/boxplots/crossoverOperator.png, id=75, 723.45282pt x 216.05719pt>
File: figures/boxplots/crossoverOperator.png Graphic file (type png)

<use figures/boxplots/crossoverOperator.png>
<figures/boxplots/crossoverParentCount.png, id=76, 724.20563pt x 217.5628pt>
File: figures/boxplots/crossoverParentCount.png Graphic file (type png)

<use figures/boxplots/crossoverParentCount.png>
<figures/boxplots/mutationOperator.png, id=77, 723.45282pt x 216.81pt>
File: figures/boxplots/mutationOperator.png Graphic file (type png)

<use figures/boxplots/mutationOperator.png>
<figures/boxplots/newDuringMutation.png, id=78, 722.7pt x 217.5628pt>
File: figures/boxplots/newDuringMutation.png Graphic file (type png)

<use figures/boxplots/newDuringMutation.png>
<figures/boxplots/mutationChance.png, id=79, 722.7pt x 217.5628pt>
File: figures/boxplots/mutationChance.png Graphic file (type png)

<use figures/boxplots/mutationChance.png> [17

 <./figures/boxplots/selectionOperator.png (PNG copy)>] [18 <./figures/boxplots
/crossoverOperator.png (PNG copy)> <./figures/boxplots/crossoverParentCount.png
 (PNG copy)> <./figures/boxplots/mutationOperator.png (PNG copy)>] [19 <./figur
es/boxplots/newDuringMutation.png (PNG copy)> <./figures/boxplots/mutationChanc
e.png (PNG copy)>] (./report.aux)

LaTeX Warning: There were undefined references.


LaTeX Warning: Label(s) may have changed. Rerun to get cross-references right.

 ) 
Here is how much of TeX's memory you used:
 1768 strings out of 493763
 26899 string characters out of 3139632
 84774 words of memory out of 3000000
 5047 multiletter control sequences out of 15000+200000
 9621 words of font info for 34 fonts, out of 3000000 for 9000
 715 hyphenation exceptions out of 8191
 38i,7n,23p,1717b,250s stack positions out of 5000i,500n,10000p,200000b,50000s
</opt/york/cs/net/texlive-2010-x86_64-1/texmf-dist/fonts/type1/public/amsfont
s/cm/cmbx10.pfb></opt/york/cs/net/texlive-2010-x86_64-1/texmf-dist/fonts/type1/
public/amsfonts/cm/cmbx12.pfb></opt/york/cs/net/texlive-2010-x86_64-1/texmf-dis
t/fonts/type1/public/amsfonts/cm/cmmi10.pfb></opt/york/cs/net/texlive-2010-x86_
64-1/texmf-dist/fonts/type1/public/amsfonts/cm/cmr10.pfb></opt/york/cs/net/texl
ive-2010-x86_64-1/texmf-dist/fonts/type1/public/amsfonts/cm/cmr12.pfb></opt/yor
k/cs/net/texlive-2010-x86_64-1/texmf-dist/fonts/type1/public/amsfonts/cm/cmr17.
pfb></opt/york/cs/net/texlive-2010-x86_64-1/texmf-dist/fonts/type1/public/amsfo
nts/cm/cmr7.pfb></opt/york/cs/net/texlive-2010-x86_64-1/texmf-dist/fonts/type1/
public/amsfonts/cm/cmsy10.pfb></opt/york/cs/net/texlive-2010-x86_64-1/texmf-dis
t/fonts/type1/public/amsfonts/cm/cmti10.pfb></opt/york/cs/net/texlive-2010-x86_
64-1/texmf-dist/fonts/type1/public/amsfonts/cm/cmtt10.pfb>
Output written on report.pdf (20 pages, 265203 bytes).
PDF statistics:
 124 PDF objects out of 1000 (max. 8388607)
 77 compressed objects within 1 object stream
 0 named destinations out of 1000 (max. 500000)
 56 words of extra memory for PDF output out of 10000 (max. 10000000)

